<?xml version="1.0" encoding="utf-8"?><testsuites name="pytest tests"><testsuite name="pytest" errors="0" failures="0" skipped="0" tests="27" time="20.270" timestamp="2026-08-18T16:05:33.127107+00:00" hostname="agent-env-d0e46fda-e338-4a7a-a86c-7ba2fbe81eaa"><testcase classname="tests.test_saklio_api.TestProducts" name="test_create_active_product" time="0.997" /><testcase classname="tests.test_saklio_api.TestAuth" name="test_register_and_me" time="0.690" /><testcase classname="tests.test_saklio_api.TestAuth" name="test_login" time="0.287" /><testcase classname="tests.test_saklio_api.TestAuth" name="test_login_wrong_password" time="0.322" /><testcase classname="tests.test_saklio_api.TestProducts" name="test_create_ending_product" time="0.062" /><testcase classname="tests.test_saklio_api.TestProducts" name="test_create_expired_product" time="0.231" /><testcase classname="tests.test_saklio_api.TestProducts" name="test_list_and_filter" time="0.123" /><testcase classname="tests.test_saklio_api.TestAuth" name="test_duplicate_email" time="0.086" /><testcase classname="tests.test_saklio_api.TestAuth" name="test_me_requires_auth" time="0.077" /><testcase classname="tests.test_saklio_api.TestProducts" name="test_update_product" time="0.118" /><testcase classname="tests.test_saklio_api.TestAuth" name="test_update_profile" time="0.125" /><testcase classname="tests.test_saklio_api.TestProducts" name="test_delete_product" time="0.165" /><testcase classname="tests.test_saklio_api.TestReturn" name="test_verdict_active" time="1.583" /><testcase classname="tests.test_saklio_api.TestWarranty" name="test_claim" time="4.209" /><testcase classname="tests.test_saklio_api.TestReturn" name="test_verdict_404" time="0.076" /><testcase classname="tests.test_saklio_api.TestGmail" name="test_gmail_preview" time="0.068" /><testcase classname="tests.test_saklio_api.TestGmail" name="test_gmail_import" time="0.068" /><testcase classname="tests.test_saklio_api.TestFiles" name="test_upload_and_download" time="16.198" /><testcase classname="tests.test_saklio_api.TestWarranty" name="test_claim_bad_product" time="0.089" /><testcase classname="tests.test_saklio_api.TestAssistant" name="test_chat" time="3.048" /><testcase classname="tests.test_saklio_api.TestAssistant" name="test_history" time="0.082" /><testcase classname="tests.test_saklio_api.TestDashboard" name="test_dashboard" time="0.057" /><testcase classname="tests.test_saklio_api.TestNotifications" name="test_notifications" time="0.078" /><testcase classname="tests.test_saklio_api.TestScan" name="test_scan_receipt" time="1.948" /><testcase classname="tests.test_saklio_api.TestSeed" name="test_seed_new_user" time="0.506" /><testcase classname="tests.test_saklio_api.TestFiles" name="test_download_requires_auth" time="0.257" /><testcase classname="tests.test_saklio_api.TestHealth" name="test_root" time="0.069" /></testsuite></testsuites>