<?xml version="1.0" encoding="utf-8"?><testsuites name="pytest tests"><testsuite name="pytest" errors="0" failures="0" skipped="0" tests="15" time="48.637" timestamp="2026-08-18T17:37:47.274313+00:00" hostname="agent-env-d0e46fda-e338-4a7a-a86c-7ba2fbe81eaa"><testcase classname="tests.test_saklio_v2.TestShare" name="test_share_create" time="6.522" /><testcase classname="tests.test_saklio_v2.TestNotifyPrefs" name="test_update_notify_return_false" time="12.925" /><testcase classname="tests.test_saklio_v2.TestNotifyPrefs" name="test_update_notify_warranty_false" time="0.075" /><testcase classname="tests.test_saklio_v2.TestShare" name="test_share_get" time="6.857" /><testcase classname="tests.test_saklio_v2.TestShare" name="test_share_get_not_found" time="0.063" /><testcase classname="tests.test_saklio_v2.TestShare" name="test_share_accept_clones_into_userB" time="0.240" /><testcase classname="tests.test_saklio_v2.TestDocuments" name="test_add_list_delete_document" time="0.245" /><testcase classname="tests.test_saklio_v2.TestDocuments" name="test_add_document_bad_product" time="0.059" /><testcase classname="tests.test_saklio_v2.TestResetFlow" name="test_full_reset_flow" time="20.401" /><testcase classname="tests.test_saklio_v2.TestNotifyPrefs" name="test_notify_not_owner_returns_404" time="6.647" /><testcase classname="tests.test_saklio_v2.TestFX" name="test_fx_rates" time="0.167" /><testcase classname="tests.test_saklio_v2.TestFX" name="test_fx_rates_cached" time="0.077" /><testcase classname="tests.test_saklio_v2.TestExport" name="test_export" time="6.452" /><testcase classname="tests.test_saklio_v2.TestResetFlow" name="test_confirm_without_request" time="6.972" /><testcase classname="tests.test_saklio_v2.TestRegisterStillWorks" name="test_register_returns_token_even_if_smtp_fails" time="6.941" /></testsuite></testsuites>